<?xml version="1.0" encoding="UTF-8"?>
<!-- Generated by org.testng.reporters.JUnitReportReporter -->
<testsuite hostname="DESKTOP-4DT2T95" failures="0" tests="2" name="com.sgtesting.ApiProject1.TestDemo" time="0.009" errors="0" timestamp="2024-01-25T11:15:36 IST" skipped="0">
  <testcase classname="com.sgtesting.ApiProject1.TestDemo" name="TestDemo2" time="0.002"/>
  <system-out/>
  <testcase classname="com.sgtesting.ApiProject1.TestDemo" name="TestDemo1" time="0.007"/>
  <system-out/>
</testsuite> <!-- com.sgtesting.ApiProject1.TestDemo -->
